# JRE version: OpenJDK Runtime Environment (21.0.5) (build 21.0.5+-13047016-b750.29)
# Java VM: OpenJDK 64-Bit Server VM (21.0.5+-13047016-b750.29, mixed mode, tiered, compressed oops, compressed class ptrs, g1 gc, windows-amd64)
GC Precious Log:
 CardTable entry size: 512
 Card Set container configuration: InlinePtr #cards 5 size 8 Array Of Cards #cards 12 size 40 Howl #buckets 4 coarsen threshold 1843 Howl Bitmap #cards 512 size 80 coarsen threshold 460 Card regions per heap region 1 cards per card region 2048
 CPUs: 12 total, 12 available
 Memory: 16310M
 Large Page Support: Disabled
 NUMA Support: Disabled
 Compressed Oops: Enabled (32-bit)
 Heap Region Size: 1M
 Heap Min Capacity: 8M
 Heap Initial Capacity: 256M
 Heap Max Capacity: 2G
 Pre-touch: Disabled
 Parallel Workers: 10
 Concurrent Workers: 3
 Concurrent Refinement Workers: 10
 Periodic GC: Disabled
Heap:
 garbage-first heap   total 246784K, used 244113K [0x0000000080000000, 0x0000000100000000)
  region size 1024K, 87 young (89088K), 1 survivors (1024K)
 Metaspace       used 152645K, committed 155008K, reserved 1245184K
  class space    used 20974K, committed 22144K, reserved 1048576K
GC Heap History (20 events):
Event: 7.430 GC heap after
{Heap after GC invocations=40 (full 0):
 garbage-first heap   total 161792K, used 115712K [0x0000000080000000, 0x0000000100000000)
  region size 1024K, 6 young (6144K), 6 survivors (6144K)
 Metaspace       used 109086K, committed 111232K, reserved 1179648K
  class space    used 14741K, committed 15808K, reserved 1048576K
}
Event: 7.601 GC heap before
{Heap before GC invocations=41 (full 0):
 garbage-first heap   total 204800K, used 149504K [0x0000000080000000, 0x0000000100000000)
  region size 1024K, 32 young (32768K), 6 survivors (6144K)
 Metaspace       used 109216K, committed 111360K, reserved 1179648K
  class space    used 14755K, committed 15808K, reserved 1048576K
}
Event: 7.605 GC heap after
{Heap after GC invocations=42 (full 0):
 garbage-first heap   total 204800K, used 119147K [0x0000000080000000, 0x0000000100000000)
  region size 1024K, 4 young (4096K), 4 survivors (4096K)
 Metaspace       used 109216K, committed 111360K, reserved 1179648K
  class space    used 14755K, committed 15808K, reserved 1048576K
}
Event: 7.960 GC heap before
{Heap before GC invocations=42 (full 0):
 garbage-first heap   total 204800K, used 189803K [0x0000000080000000, 0x0000000100000000)
  region size 1024K, 59 young (60416K), 4 survivors (4096K)
 Metaspace       used 111513K, committed 113664K, reserved 1179648K
  class space    used 14966K, committed 16000K, reserved 1048576K
}
Event: 7.965 GC heap after
{Heap after GC invocations=43 (full 0):
 garbage-first heap   total 245760K, used 122639K [0x0000000080000000, 0x0000000100000000)
  region size 1024K, 8 young (8192K), 8 survivors (8192K)
 Metaspace       used 111513K, committed 113664K, reserved 1179648K
  class space    used 14966K, committed 16000K, reserved 1048576K
}
Event: 8.475 GC heap before
{Heap before GC invocations=43 (full 0):
 garbage-first heap   total 245760K, used 219919K [0x0000000080000000, 0x0000000100000000)
  region size 1024K, 104 young (106496K), 8 survivors (8192K)
 Metaspace       used 116396K, committed 118528K, reserved 1179648K
  class space    used 15486K, committed 16576K, reserved 1048576K
}
Event: 8.480 GC heap after
{Heap after GC invocations=44 (full 0):
 garbage-first heap   total 245760K, used 126616K [0x0000000080000000, 0x0000000100000000)
  region size 1024K, 9 young (9216K), 9 survivors (9216K)
 Metaspace       used 116396K, committed 118528K, reserved 1179648K
  class space    used 15486K, committed 16576K, reserved 1048576K
}
Event: 8.709 GC heap before
{Heap before GC invocations=45 (full 0):
 garbage-first heap   total 245760K, used 217752K [0x0000000080000000, 0x0000000100000000)
  region size 1024K, 100 young (102400K), 9 survivors (9216K)
 Metaspace       used 116798K, committed 119040K, reserved 1179648K
  class space    used 15524K, committed 16640K, reserved 1048576K
}
Event: 8.714 GC heap after
{Heap after GC invocations=46 (full 0):
 garbage-first heap   total 245760K, used 129592K [0x0000000080000000, 0x0000000100000000)
  region size 1024K, 10 young (10240K), 10 survivors (10240K)
 Metaspace       used 116798K, committed 119040K, reserved 1179648K
  class space    used 15524K, committed 16640K, reserved 1048576K
}
Event: 11.435 GC heap before
{Heap before GC invocations=46 (full 0):
 garbage-first heap   total 245760K, used 220728K [0x0000000080000000, 0x0000000100000000)
  region size 1024K, 100 young (102400K), 10 survivors (10240K)
 Metaspace       used 119021K, committed 121216K, reserved 1179648K
  class space    used 15800K, committed 16896K, reserved 1048576K
}
Event: 11.441 GC heap after
{Heap after GC invocations=47 (full 0):
 garbage-first heap   total 245760K, used 132933K [0x0000000080000000, 0x0000000100000000)
  region size 1024K, 13 young (13312K), 13 survivors (13312K)
 Metaspace       used 119021K, committed 121216K, reserved 1179648K
  class space    used 15800K, committed 16896K, reserved 1048576K
}
Event: 11.689 GC heap before
{Heap before GC invocations=47 (full 0):
 garbage-first heap   total 245760K, used 143173K [0x0000000080000000, 0x0000000100000000)
  region size 1024K, 25 young (25600K), 13 survivors (13312K)
 Metaspace       used 120720K, committed 122944K, reserved 1179648K
  class space    used 16033K, committed 17152K, reserved 1048576K
}
Event: 11.694 GC heap after
{Heap after GC invocations=48 (full 0):
 garbage-first heap   total 245760K, used 137209K [0x0000000080000000, 0x0000000100000000)
  region size 1024K, 3 young (3072K), 3 survivors (3072K)
 Metaspace       used 120720K, committed 122944K, reserved 1179648K
  class space    used 16033K, committed 17152K, reserved 1048576K
}
Event: 13.194 GC heap before
{Heap before GC invocations=49 (full 0):
 garbage-first heap   total 245760K, used 219129K [0x0000000080000000, 0x0000000100000000)
  region size 1024K, 85 young (87040K), 3 survivors (3072K)
 Metaspace       used 128560K, committed 130816K, reserved 1179648K
  class space    used 17031K, committed 18112K, reserved 1048576K
}
Event: 13.196 GC heap after
{Heap after GC invocations=50 (full 0):
 garbage-first heap   total 245760K, used 134098K [0x0000000080000000, 0x0000000100000000)
  region size 1024K, 5 young (5120K), 5 survivors (5120K)
 Metaspace       used 128560K, committed 130816K, reserved 1179648K
  class space    used 17031K, committed 18112K, reserved 1048576K
}
Event: 16.071 GC heap before
{Heap before GC invocations=50 (full 0):
 garbage-first heap   total 245760K, used 224210K [0x0000000080000000, 0x0000000100000000)
  region size 1024K, 92 young (94208K), 5 survivors (5120K)
 Metaspace       used 136984K, committed 139328K, reserved 1179648K
  class space    used 18357K, committed 19520K, reserved 1048576K
}
Event: 16.076 GC heap after
{Heap after GC invocations=51 (full 0):
 garbage-first heap   total 245760K, used 126762K [0x0000000080000000, 0x0000000100000000)
  region size 1024K, 12 young (12288K), 12 survivors (12288K)
 Metaspace       used 136984K, committed 139328K, reserved 1179648K
  class space    used 18357K, committed 19520K, reserved 1048576K
}
Event: 16.717 GC heap before
{Heap before GC invocations=51 (full 0):
 garbage-first heap   total 245760K, used 219946K [0x0000000080000000, 0x0000000100000000)
  region size 1024K, 104 young (106496K), 12 survivors (12288K)
 Metaspace       used 146026K, committed 148480K, reserved 1179648K
  class space    used 19897K, committed 21120K, reserved 1048576K
}
Event: 16.722 GC heap after
{Heap after GC invocations=52 (full 0):
 garbage-first heap   total 245760K, used 129425K [0x0000000080000000, 0x0000000100000000)
  region size 1024K, 4 young (4096K), 4 survivors (4096K)
 Metaspace       used 146026K, committed 148480K, reserved 1179648K
  class space    used 19897K, committed 21120K, reserved 1048576K
}
Event: 18.016 GC heap before
{Heap before GC invocations=53 (full 0):
 garbage-first heap   total 245760K, used 243089K [0x0000000080000000, 0x0000000100000000)
  region size 1024K, 90 young (92160K), 4 survivors (4096K)
 Metaspace       used 152645K, committed 155008K, reserved 1245184K
  class space    used 20974K, committed 22144K, reserved 1048576K
}

